16:00:24 **** Incremental Build of configuration Release for project messchieber_blinky ****
make all 
Building file: ../main.c
Invoking: AVR Compiler
avr-gcc -Wall -Os -fpack-struct -fshort-enums -ffunction-sections -fdata-sections -std=gnu99 -funsigned-char -funsigned-bitfields -mmcu=atmega8 -DF_CPU=8000000UL -MMD -MP -MF"main.d" -MT"main.d" -c -o "main.o" "../main.c"
Finished building: ../main.c
 
Building target: messchieber_blinky.elf
Invoking: AVR C Linker
avr-gcc -Wl,-Map,messchieber_blinky.map -mmcu=atmega8 -o "messchieber_blinky.elf"  ./main.o   
Finished building target: messchieber_blinky.elf
 
Invoking: AVR Create Extended Listing
avr-objdump -h -S messchieber_blinky.elf  >"messchieber_blinky.lss"
Finished building: messchieber_blinky.lss
 
Create Flash image (ihex format)
avr-objcopy -R .eeprom -R .fuse -R .lock -R .signature -O ihex messchieber_blinky.elf  "messchieber_blinky.hex"
Finished building: messchieber_blinky.hex
 
Create eeprom image (ihex format)
avr-objcopy -j .eeprom --no-change-warnings --change-section-lma .eeprom=0 -O ihex messchieber_blinky.elf  "messchieber_blinky.eep"
Finished building: messchieber_blinky.eep
 
Invoking: Print Size
avr-size --format=avr --mcu=atmega8 messchieber_blinky.elf
AVR Memory Usage
----------------
Device: atmega8

Program:     126 bytes (1.5% Full)
(.text + .data + .bootloader)

Data:          2 bytes (0.2% Full)
(.data + .bss + .noinit)


Finished building: sizedummy
 

16:00:25 Build Finished (took 521ms)

