10:56:33 **** Incremental Build of configuration Release for project uart ****
make all 
Building file: ../main.c
Invoking: AVR Compiler
avr-gcc -Wall -Os -fpack-struct -fshort-enums -ffunction-sections -fdata-sections -std=gnu99 -funsigned-char -funsigned-bitfields -mmcu=atmega8 -DF_CPU=8000000UL -MMD -MP -MF"main.d" -MT"main.d" -c -o "main.o" "../main.c"
Finished building: ../main.c
 
Building target: uart.elf
Invoking: AVR C Linker
avr-gcc -Wl,-Map,uart.map -mmcu=atmega8 -o "uart.elf"  ./main.o   
Finished building target: uart.elf
 
Invoking: AVR Create Extended Listing
avr-objdump -h -S uart.elf  >"uart.lss"
Finished building: uart.lss
 
Create Flash image (ihex format)
avr-objcopy -R .eeprom -R .fuse -R .lock -R .signature -O ihex uart.elf  "uart.hex"
Finished building: uart.hex
 
Create eeprom image (ihex format)
avr-objcopy -j .eeprom --no-change-warnings --change-section-lma .eeprom=0 -O ihex uart.elf  "uart.eep"
Finished building: uart.eep
 
Invoking: Print Size
avr-size --format=avr --mcu=atmega8 uart.elf
AVR Memory Usage
----------------
Device: atmega8

Program:     244 bytes (3.0% Full)
(.text + .data + .bootloader)

Data:          4 bytes (0.4% Full)
(.data + .bss + .noinit)


Finished building: sizedummy
 

10:56:34 Build Finished (took 1s.25ms)

